<?xml version="1.0" encoding="UTF-8"?>
<testsuite xmlns:xsi="http://www.w3.org/2001/XMLSchema-instance" xsi:noNamespaceSchemaLocation="https://maven.apache.org/surefire/maven-surefire-plugin/xsd/surefire-test-report.xsd" version="3.0.2" name="com.TestRunner.TestRunnerAddProduct" time="15.251" tests="2" errors="0" skipped="0" failures="0">
  <properties>
[...]
</properties>
  <testcase name="Login with invalid credential" classname="Test Login User" time="8.669">
    <system-out><![CDATA[
Scenario Outline: Login with invalid credential                                                     # src/test/resources/features/Login.feature:12
  Given User open browser                                                                           # com.stepDefinition.LoginSteps.user_open_browser()
  When User enters invalid email "test1230@yopmail.com" and valid password "123456789"              # com.stepDefinition.LoginSteps.user_enters_invalid_email_and_valid_password(java.lang.String,java.lang.String)
  And User click button login                                                                       # com.stepDefinition.LoginSteps.user_click_button_login()
*********************Warning: No match for E-Mail Address and/or Password.
***************Warning: No match for E-Mail Address and/or Password.
*********************Warning: No match for E-Mail Address and/or Password.
  Then login should be failed with an error "Warning: No match for E-Mail Address and/or Password." # com.stepDefinition.LoginSteps.login_should_be_failed_with_an_error(java.lang.String)
]]></system-out>
    <system-err><![CDATA[SLF4J(W): No SLF4J providers were found.
SLF4J(W): Defaulting to no-operation (NOP) logger implementation
SLF4J(W): See https://www.slf4j.org/codes.html#noProviders for further details.
]]></system-err>
  </testcase>
  <testcase name="Login with valid credential" classname="Test Login User" time="6.336">
    <system-out><![CDATA[
Scenario Outline: Login with valid credential                                    # src/test/resources/features/Login.feature:25
  Given User open browser                                                        # com.stepDefinition.LoginSteps.user_open_browser()
  When Enter valid login "test-123@yopmail.com" and valid password "Sssafa199**" # com.stepDefinition.LoginSteps.enter_valid_login_and_valid_password(java.lang.String,java.lang.String)
  And User click button login                                                    # com.stepDefinition.LoginSteps.user_click_button_login()
*********************My Account
  Then User should connect to home page                                          # com.stepDefinition.LoginSteps.user_should_connect_to_home_page()
]]></system-out>
  </testcase>
</testsuite>