<?xml version="1.0" encoding="UTF-8"?>
<testng-results ignored="0" total="9" passed="8" failed="1" skipped="0">
  <reporter-output>
  </reporter-output>
  <suite started-at="2024-12-06T11:34:51 CET" name="Default suite" finished-at="2024-12-06T11:35:44 CET" duration-ms="53105">
    <groups>
      <group name="cucumber">
        <method signature="AbstractTestNGCucumberTests.runScenario(io.cucumber.testng.PickleWrapper,io.cucumber.testng.FeatureWrapper)[pri:0, instance:com.myRunner.RunnerAddProduct@3bd82cf5]" name="runScenario" class="io.cucumber.testng.AbstractTestNGCucumberTests"/>
      </group> <!-- cucumber -->
    </groups>
    <test started-at="2024-12-06T11:34:51 CET" name="Default test" finished-at="2024-12-06T11:35:44 CET" duration-ms="53105">
      <class name="com.myRunner.RunnerAddProduct">
        <test-method is-config="true" signature="setUpClass(org.testng.ITestContext)[pri:0, instance:com.myRunner.RunnerAddProduct@3bd82cf5]" started-at="2024-12-06T11:34:51 CET" name="setUpClass" finished-at="2024-12-06T11:34:52 CET" duration-ms="702" status="PASS">
          <params>
            <param index="0">
              <value>
                <![CDATA[org.testng.TestRunner@7f0b93b4]]>
              </value>
            </param>
          </params>
          <reporter-output>
          </reporter-output>
        </test-method> <!-- setUpClass -->
        <test-method signature="runScenario(io.cucumber.testng.PickleWrapper,io.cucumber.testng.FeatureWrapper)[pri:0, instance:com.myRunner.RunnerAddProduct@3bd82cf5]" started-at="2024-12-06T11:34:52 CET" name="runScenario" description="Runs Cucumber Scenarios" data-provider="scenarios" finished-at="2024-12-06T11:34:58 CET" duration-ms="5578" status="PASS">
          <params>
            <param index="0">
              <value>
                <![CDATA["Search product non existing product"]]>
              </value>
            </param>
            <param index="1">
              <value>
                <![CDATA["Search and Add and Delete product to the cart"]]>
              </value>
            </param>
          </params>
          <reporter-output>
          </reporter-output>
        </test-method> <!-- runScenario -->
        <test-method signature="runScenario(io.cucumber.testng.PickleWrapper,io.cucumber.testng.FeatureWrapper)[pri:0, instance:com.myRunner.RunnerAddProduct@3bd82cf5]" started-at="2024-12-06T11:34:58 CET" name="runScenario" description="Runs Cucumber Scenarios" data-provider="scenarios" finished-at="2024-12-06T11:35:06 CET" duration-ms="8841" status="PASS">
          <params>
            <param index="0">
              <value>
                <![CDATA["Seccessuful search for an existing product"]]>
              </value>
            </param>
            <param index="1">
              <value>
                <![CDATA["Search and Add and Delete product to the cart"]]>
              </value>
            </param>
          </params>
          <reporter-output>
          </reporter-output>
        </test-method> <!-- runScenario -->
        <test-method signature="runScenario(io.cucumber.testng.PickleWrapper,io.cucumber.testng.FeatureWrapper)[pri:0, instance:com.myRunner.RunnerAddProduct@3bd82cf5]" started-at="2024-12-06T11:35:06 CET" name="runScenario" description="Runs Cucumber Scenarios" data-provider="scenarios" finished-at="2024-12-06T11:35:11 CET" duration-ms="4145" status="PASS">
          <params>
            <param index="0">
              <value>
                <![CDATA["Add Product to Card with correct Qte and price"]]>
              </value>
            </param>
            <param index="1">
              <value>
                <![CDATA["Search and Add and Delete product to the cart"]]>
              </value>
            </param>
          </params>
          <reporter-output>
          </reporter-output>
        </test-method> <!-- runScenario -->
        <test-method signature="runScenario(io.cucumber.testng.PickleWrapper,io.cucumber.testng.FeatureWrapper)[pri:0, instance:com.myRunner.RunnerAddProduct@3bd82cf5]" started-at="2024-12-06T11:35:11 CET" name="runScenario" description="Runs Cucumber Scenarios" data-provider="scenarios" finished-at="2024-12-06T11:35:12 CET" duration-ms="1441" status="PASS">
          <params>
            <param index="0">
              <value>
                <![CDATA["Update quantity page card"]]>
              </value>
            </param>
            <param index="1">
              <value>
                <![CDATA["Search and Add and Delete product to the cart"]]>
              </value>
            </param>
          </params>
          <reporter-output>
          </reporter-output>
        </test-method> <!-- runScenario -->
        <test-method signature="runScenario(io.cucumber.testng.PickleWrapper,io.cucumber.testng.FeatureWrapper)[pri:0, instance:com.myRunner.RunnerAddProduct@3bd82cf5]" started-at="2024-12-06T11:35:12 CET" name="runScenario" description="Runs Cucumber Scenarios" data-provider="scenarios" finished-at="2024-12-06T11:35:13 CET" duration-ms="910" status="PASS">
          <params>
            <param index="0">
              <value>
                <![CDATA["Delet product to page card shoping"]]>
              </value>
            </param>
            <param index="1">
              <value>
                <![CDATA["Search and Add and Delete product to the cart"]]>
              </value>
            </param>
          </params>
          <reporter-output>
          </reporter-output>
        </test-method> <!-- runScenario -->
        <test-method signature="runScenario(io.cucumber.testng.PickleWrapper,io.cucumber.testng.FeatureWrapper)[pri:0, instance:com.myRunner.RunnerAddProduct@3bd82cf5]" started-at="2024-12-06T11:35:13 CET" name="runScenario" description="Runs Cucumber Scenarios" data-provider="scenarios" finished-at="2024-12-06T11:35:21 CET" duration-ms="7648" status="PASS">
          <params>
            <param index="0">
              <value>
                <![CDATA["Login with invalid credential"]]>
              </value>
            </param>
            <param index="1">
              <value>
                <![CDATA["Test Login User"]]>
              </value>
            </param>
          </params>
          <reporter-output>
          </reporter-output>
        </test-method> <!-- runScenario -->
        <test-method signature="runScenario(io.cucumber.testng.PickleWrapper,io.cucumber.testng.FeatureWrapper)[pri:0, instance:com.myRunner.RunnerAddProduct@3bd82cf5]" started-at="2024-12-06T11:35:21 CET" name="runScenario" description="Runs Cucumber Scenarios" data-provider="scenarios" finished-at="2024-12-06T11:35:28 CET" duration-ms="7152" status="PASS">
          <params>
            <param index="0">
              <value>
                <![CDATA["Login with valid credential"]]>
              </value>
            </param>
            <param index="1">
              <value>
                <![CDATA["Test Login User"]]>
              </value>
            </param>
          </params>
          <reporter-output>
          </reporter-output>
        </test-method> <!-- runScenario -->
        <test-method signature="runScenario(io.cucumber.testng.PickleWrapper,io.cucumber.testng.FeatureWrapper)[pri:0, instance:com.myRunner.RunnerAddProduct@3bd82cf5]" started-at="2024-12-06T11:35:28 CET" name="runScenario" description="Runs Cucumber Scenarios" data-provider="scenarios" finished-at="2024-12-06T11:35:36 CET" duration-ms="8202" status="FAIL">
          <params>
            <param index="0">
              <value>
                <![CDATA["Register with valid data"]]>
              </value>
            </param>
            <param index="1">
              <value>
                <![CDATA["Check Feature Register User"]]>
              </value>
            </param>
          </params>
          <exception class="java.lang.AssertionError">
            <message>
              <![CDATA[expected [Your Account Has Been Created!] but found [Register Account]]]>
            </message>
            <full-stacktrace>
              <![CDATA[java.lang.AssertionError: expected [Your Account Has Been Created!] but found [Register Account]
at org.testng.Assert.fail(Assert.java:111)
at org.testng.Assert.failNotEquals(Assert.java:1578)
at org.testng.Assert.assertEqualsImpl(Assert.java:150)
at org.testng.Assert.assertEquals(Assert.java:132)
at org.testng.Assert.assertEquals(Assert.java:656)
at org.testng.Assert.assertEquals(Assert.java:666)
at com.stepDefinition.Registration.user_create_account(Registration.java:50)
at ✽.User create account(file:///C:/Users/user/eclipseworkspace/ShopBDDweb/src/test/resources/features/Registration.feature:9)
]]>
            </full-stacktrace>
          </exception> <!-- java.lang.AssertionError -->
          <reporter-output>
          </reporter-output>
        </test-method> <!-- runScenario -->
        <test-method signature="runScenario(io.cucumber.testng.PickleWrapper,io.cucumber.testng.FeatureWrapper)[pri:0, instance:com.myRunner.RunnerAddProduct@3bd82cf5]" started-at="2024-12-06T11:35:36 CET" name="runScenario" description="Runs Cucumber Scenarios" data-provider="scenarios" finished-at="2024-12-06T11:35:44 CET" duration-ms="8390" status="PASS">
          <params>
            <param index="0">
              <value>
                <![CDATA["Register with existing email"]]>
              </value>
            </param>
            <param index="1">
              <value>
                <![CDATA["Check Feature Register User"]]>
              </value>
            </param>
          </params>
          <reporter-output>
          </reporter-output>
        </test-method> <!-- runScenario -->
        <test-method is-config="true" signature="tearDownClass()[pri:0, instance:com.myRunner.RunnerAddProduct@3bd82cf5]" started-at="2024-12-06T11:35:44 CET" name="tearDownClass" finished-at="2024-12-06T11:35:44 CET" duration-ms="20" status="PASS">
          <reporter-output>
          </reporter-output>
        </test-method> <!-- tearDownClass -->
      </class> <!-- com.myRunner.RunnerAddProduct -->
    </test> <!-- Default test -->
  </suite> <!-- Default suite -->
</testng-results>
