<?xml version="1.0" encoding="UTF-8"?>
<!-- Generated by org.testng.reporters.JUnitReportReporter -->
<testsuite hostname="DESKTOP-TA2JTMN" failures="1" tests="9" name="com.myRunner.RunnerAddProduct" time="54.518" errors="0" timestamp="2024-12-08T20:07:35 CET" skipped="0">
  <testcase classname="com.myRunner.RunnerAddProduct" name="runScenario" time="2.768"/>
  <testcase classname="com.myRunner.RunnerAddProduct" name="runScenario" time="5.399"/>
  <testcase classname="com.myRunner.RunnerAddProduct" name="runScenario" time="9.203">
    <failure message="expected [Your Account Has Been Created!] but found [Register Account]" type="java.lang.AssertionError">
      <![CDATA[java.lang.AssertionError: expected [Your Account Has Been Created!] but found [Register Account]
at org.testng.Assert.fail(Assert.java:111)
at org.testng.Assert.failNotEquals(Assert.java:1578)
at org.testng.Assert.assertEqualsImpl(Assert.java:150)
at org.testng.Assert.assertEquals(Assert.java:132)
at org.testng.Assert.assertEquals(Assert.java:656)
at org.testng.Assert.assertEquals(Assert.java:666)
at com.stepDefinition.Registration.user_create_account(Registration.java:50)
at ✽.User create account(file:///C:/Users/user/eclipseworkspace/ShopBDDweb/src/test/resources/features/Registration.feature:9)
]]>
    </failure>
  </testcase> <!-- runScenario -->
  <testcase classname="com.myRunner.RunnerAddProduct" name="runScenario" time="9.881"/>
  <testcase classname="com.myRunner.RunnerAddProduct" name="runScenario" time="8.160"/>
  <testcase classname="com.myRunner.RunnerAddProduct" name="runScenario" time="1.732"/>
  <testcase classname="com.myRunner.RunnerAddProduct" name="runScenario" time="0.600"/>
  <testcase classname="com.myRunner.RunnerAddProduct" name="runScenario" time="9.121"/>
  <testcase classname="com.myRunner.RunnerAddProduct" name="runScenario" time="7.654"/>
</testsuite> <!-- com.myRunner.RunnerAddProduct -->
